<?xml version="1.0" encoding="UTF-8"?>
<!-- Generated by org.testng.reporters.JUnitReportReporter -->
<testsuite hostname="FSSCHND14126" name="testcases.Payee" tests="1" failures="0" timestamp="31 Aug 2016 14:17:37 GMT" time="111.006" errors="0">
  <testcase name="PE_11" time="111.006" classname="testcases.Payee"/>
</testsuite> <!-- testcases.Payee -->
