<?xml version="1.0" encoding="UTF-8"?>
<!-- Generated by org.testng.reporters.JUnitReportReporter -->
<testsuite hostname="FSSCHND14126" name="testcases.TC01" tests="1" failures="0" timestamp="29 Jul 2016 07:39:41 GMT" time="169.536" errors="0">
  <testcase name="TC004" time="169.536" classname="testcases.TC01"/>
</testsuite> <!-- testcases.TC01 -->
