<?xml version="1.0" encoding="UTF-8"?>
<!-- Generated by org.testng.reporters.JUnitReportReporter -->
<testsuite hostname="FSSCHND14126" name="testcases.UBI_Setup" tests="1" failures="0" timestamp="13 Jul 2016 06:40:39 GMT" time="51.623" errors="0">
  <testcase name="TC001" time="51.623" classname="testcases.UBI_Setup"/>
</testsuite> <!-- testcases.UBI_Setup -->
