<?xml version="1.0" encoding="UTF-8"?>
<!-- Generated by org.testng.reporters.JUnitReportReporter -->
<testsuite hostname="FSSCHND14126" name="testcases.MetaAPI" tests="1" failures="0" timestamp="31 Aug 2016 10:07:03 GMT" time="51.783" errors="0">
  <testcase name="MT_10" time="51.783" classname="testcases.MetaAPI"/>
</testsuite> <!-- testcases.MetaAPI -->
